<?xml version="1.0" encoding="utf-8"?><testsuites name="pytest tests"><testsuite name="pytest" errors="0" failures="2" skipped="0" tests="12" time="5.177" timestamp="2026-05-07T21:14:58.032656+00:00" hostname="agent-env-a0903a40-142c-4ba0-aa98-c3fbaf4ac77e"><testcase classname="backend.tests.test_due_date_bulk.TestDueDate" name="test_create_invoice_with_due_date" time="0.374" /><testcase classname="backend.tests.test_due_date_bulk.TestDueDate" name="test_create_invoice_without_due_date_defaults_none" time="0.140"><failure message="AssertionError: assert '2026-03-03' is None&#10; +  where '2026-03-03' = &lt;built-in method get of dict object at 0xfaf2a9ae8b00&gt;('dueDate')&#10; +    where &lt;built-in method get of dict object at 0xfaf2a9ae8b00&gt; = {'createdAt': '2026-05-07T21:14:58.668320+00:00', 'customerAddress': '', 'customerName': 'TEST_DueDate', 'date': '2026-02-01', ...}.get">backend/tests/test_due_date_bulk.py:44: in test_create_invoice_without_due_date_defaults_none
    assert data.get("dueDate") is None
E   AssertionError: assert '2026-03-03' is None
E    +  where '2026-03-03' = &lt;built-in method get of dict object at 0xfaf2a9ae8b00&gt;('dueDate')
E    +    where &lt;built-in method get of dict object at 0xfaf2a9ae8b00&gt; = {'createdAt': '2026-05-07T21:14:58.668320+00:00', 'customerAddress': '', 'customerName': 'TEST_DueDate', 'date': '2026-02-01', ...}.get</failure></testcase><testcase classname="backend.tests.test_due_date_bulk.TestDueDate" name="test_due_date_in_get_invoice" time="0.383" /><testcase classname="backend.tests.test_due_date_bulk.TestDueDate" name="test_overdue_logic_uses_due_date" time="0.581" /><testcase classname="backend.tests.test_due_date_bulk.TestDueDate" name="test_due_date_in_list_invoices" time="0.478" /><testcase classname="backend.tests.test_due_date_bulk.TestBulkStatus" name="test_bulk_update_status_to_paid" time="0.925" /><testcase classname="backend.tests.test_due_date_bulk.TestBulkStatus" name="test_bulk_update_status_to_draft" time="0.552" /><testcase classname="backend.tests.test_due_date_bulk.TestBulkStatus" name="test_bulk_update_status_empty_ids" time="0.144" /><testcase classname="backend.tests.test_due_date_bulk.TestBulkStatus" name="test_bulk_update_invalid_status" time="0.119"><failure message="assert 400 == 422&#10; +  where 400 = &lt;Response [400]&gt;.status_code">backend/tests/test_due_date_bulk.py:168: in test_bulk_update_invalid_status
    assert r.status_code == 422  # validation error
    ^^^^^^^^^^^^^^^^^^^^^^^^^^^
E   assert 400 == 422
E    +  where 400 = &lt;Response [400]&gt;.status_code</failure></testcase><testcase classname="backend.tests.test_due_date_bulk.TestBulkDelete" name="test_bulk_delete_invoices" time="1.033" /><testcase classname="backend.tests.test_due_date_bulk.TestBulkDelete" name="test_bulk_delete_empty_ids" time="0.133" /><testcase classname="backend.tests.test_due_date_bulk.TestBulkDelete" name="test_bulk_delete_nonexistent_ids" time="0.121" /></testsuite></testsuites>