<?xml version="1.0" encoding="utf-8"?><testsuites name="pytest tests"><testsuite name="pytest" errors="0" failures="1" skipped="0" tests="12" time="4.618" timestamp="2026-05-07T20:01:59.957414+00:00" hostname="agent-env-a0903a40-142c-4ba0-aa98-c3fbaf4ac77e"><testcase classname="backend.tests.test_new_features.TestDashboard" name="test_get_dashboard_status" time="0.270" /><testcase classname="backend.tests.test_new_features.TestDashboard" name="test_get_dashboard_fields" time="0.128" /><testcase classname="backend.tests.test_new_features.TestDashboard" name="test_dashboard_status_counts" time="0.191" /><testcase classname="backend.tests.test_new_features.TestDashboard" name="test_dashboard_monthly_revenue_6_months" time="0.244" /><testcase classname="backend.tests.test_new_features.TestDashboard" name="test_dashboard_recent_invoices_max_5" time="0.209" /><testcase classname="backend.tests.test_new_features.TestDashboard" name="test_dashboard_total_revenue_only_paid" time="0.514" /><testcase classname="backend.tests.test_new_features.TestDashboard" name="test_dashboard_outstanding_includes_unpaid_and_overdue" time="0.425" /><testcase classname="backend.tests.test_new_features.TestAutoOverdue" name="test_overdue_marked_on_list_invoices" time="0.579" /><testcase classname="backend.tests.test_new_features.TestAutoOverdue" name="test_recent_invoice_not_overdue" time="0.497"><failure message="AssertionError: Should still be unpaid, got overdue&#10;assert 'overdue' == 'unpaid'&#10;  &#10;  - unpaid&#10;  + overdue">backend/tests/test_new_features.py:142: in test_recent_invoice_not_overdue
    assert r2.json()["status"] == "unpaid", f"Should still be unpaid, got {r2.json()['status']}"
E   AssertionError: Should still be unpaid, got overdue
E   assert 'overdue' == 'unpaid'
E     
E     - unpaid
E     + overdue</failure></testcase><testcase classname="backend.tests.test_new_features.TestAutoOverdue" name="test_dashboard_triggers_mark_overdue" time="0.594" /><testcase classname="backend.tests.test_new_features.TestAutoOverdue" name="test_dashboard_status_counts_include_overdue" time="0.427" /><testcase classname="backend.tests.test_new_features.TestCustomerInvoiceHistory" name="test_invoices_filter_by_customer_name" time="0.422" /></testsuite></testsuites>