<?xml version="1.0" encoding="utf-8"?><testsuites name="pytest tests"><testsuite name="pytest" errors="0" failures="0" skipped="0" tests="16" time="4.584" timestamp="2026-05-07T19:28:21.786439+00:00" hostname="agent-env-a0903a40-142c-4ba0-aa98-c3fbaf4ac77e"><testcase classname="backend.tests.test_invoice_manager.TestCustomers" name="test_list_customers_returns_3_seeded" time="0.229" /><testcase classname="backend.tests.test_invoice_manager.TestCustomers" name="test_create_customer" time="0.336" /><testcase classname="backend.tests.test_invoice_manager.TestCustomers" name="test_update_customer" time="0.383" /><testcase classname="backend.tests.test_invoice_manager.TestCustomers" name="test_delete_customer" time="0.234" /><testcase classname="backend.tests.test_invoice_manager.TestProducts" name="test_list_products_returns_5_seeded" time="0.211" /><testcase classname="backend.tests.test_invoice_manager.TestProducts" name="test_product_has_default_price" time="0.130" /><testcase classname="backend.tests.test_invoice_manager.TestProducts" name="test_create_product" time="0.248" /><testcase classname="backend.tests.test_invoice_manager.TestProducts" name="test_update_product" time="0.381" /><testcase classname="backend.tests.test_invoice_manager.TestProducts" name="test_delete_product" time="0.264" /><testcase classname="backend.tests.test_invoice_manager.TestInvoices" name="test_get_next_invoice_number" time="0.126" /><testcase classname="backend.tests.test_invoice_manager.TestInvoices" name="test_list_invoices" time="0.178" /><testcase classname="backend.tests.test_invoice_manager.TestInvoices" name="test_create_invoice" time="0.456" /><testcase classname="backend.tests.test_invoice_manager.TestInvoices" name="test_update_invoice" time="0.391" /><testcase classname="backend.tests.test_invoice_manager.TestInvoices" name="test_delete_invoice" time="0.403" /><testcase classname="backend.tests.test_invoice_manager.TestInvoices" name="test_filter_by_status" time="0.122" /><testcase classname="backend.tests.test_invoice_manager.TestInvoices" name="test_search_by_customer_name" time="0.351" /></testsuite></testsuites>